{"C:\\Users\\Vitali_Brych\\Desktop\\Vue.js-courses\\vue-ui\\src\\components\\filters\\filters.ts": {"path":"C:\\Users\\Vitali_Brych\\Desktop\\Vue.js-courses\\vue-ui\\src\\components\\filters\\filters.ts","statementMap":{"0":{"start":{"line":2,"column":2},"end":{"line":2,"column":21}},"1":{"start":{"line":2,"column":14},"end":{"line":2,"column":21}},"2":{"start":{"line":3,"column":2},"end":{"line":3,"column":9}}},"fnMap":{"0":{"name":"getYear","decl":{"start":{"line":1,"column":24},"end":{"line":1,"column":32}},"loc":{"start":{"line":1,"column":45},"end":{"line":4,"column":null}}}},"branchMap":{"0":{"loc":{"start":{"line":2,"column":2},"end":{"line":2,"column":21}},"type":"if","locations":[{"start":{"line":2,"column":2},"end":{"line":2,"column":21}},{"start":{"line":2,"column":2},"end":{"line":2,"column":21}}]}},"s":{"0":17,"1":16,"2":1},"f":{"0":17},"b":{"0":[16,1]}}
,"C:\\Users\\Vitali_Brych\\Desktop\\Vue.js-courses\\vue-ui\\src\\components\\interfaces\\select-options.ts": {"path":"C:\\Users\\Vitali_Brych\\Desktop\\Vue.js-courses\\vue-ui\\src\\components\\interfaces\\select-options.ts","statementMap":{"0":{"start":{"line":1,"column":22},"end":{"line":1,"column":null}},"1":{"start":{"line":20,"column":15},"end":{"line":20,"column":null}}},"fnMap":{},"branchMap":{},"s":{"0":4,"1":4},"f":{},"b":{}}
,"C:\\Users\\Vitali_Brych\\Desktop\\Vue.js-courses\\vue-ui\\src\\components\\main\\add-window\\add-window.component.vue": {"path":"C:\\Users\\Vitali_Brych\\Desktop\\Vue.js-courses\\vue-ui\\src\\components\\main\\add-window\\add-window.component.vue","statementMap":{"0":{"start":{"line":1,"column":0},"end":{"line":1,"column":null}},"1":{"start":{"line":2,"column":0},"end":{"line":2,"column":null}},"2":{"start":{"line":3,"column":0},"end":{"line":3,"column":null}},"3":{"start":{"line":4,"column":0},"end":{"line":4,"column":null}},"4":{"start":{"line":5,"column":0},"end":{"line":5,"column":null}},"5":{"start":{"line":6,"column":0},"end":{"line":6,"column":null}},"6":{"start":{"line":8,"column":0},"end":{"line":9,"column":null}}},"fnMap":{},"branchMap":{},"s":{"0":2,"1":2,"2":2,"3":2,"4":2,"5":2,"6":2},"f":{},"b":{}}
,"C:\\Users\\Vitali_Brych\\Desktop\\Vue.js-courses\\vue-ui\\src\\components\\main\\card\\card.component.vue": {"path":"C:\\Users\\Vitali_Brych\\Desktop\\Vue.js-courses\\vue-ui\\src\\components\\main\\card\\card.component.vue","statementMap":{"0":{"start":{"line":1,"column":0},"end":{"line":1,"column":null}},"1":{"start":{"line":2,"column":0},"end":{"line":2,"column":null}},"2":{"start":{"line":3,"column":0},"end":{"line":3,"column":null}},"3":{"start":{"line":4,"column":0},"end":{"line":4,"column":null}},"4":{"start":{"line":5,"column":0},"end":{"line":5,"column":null}},"5":{"start":{"line":6,"column":0},"end":{"line":6,"column":null}},"6":{"start":{"line":7,"column":0},"end":{"line":7,"column":null}},"7":{"start":{"line":8,"column":0},"end":{"line":8,"column":null}},"8":{"start":{"line":10,"column":0},"end":{"line":10,"column":null}},"9":{"start":{"line":11,"column":0},"end":{"line":11,"column":null}},"10":{"start":{"line":14,"column":0},"end":{"line":14,"column":null}},"11":{"start":{"line":15,"column":0},"end":{"line":15,"column":null}},"12":{"start":{"line":21,"column":0},"end":{"line":21,"column":null}},"13":{"start":{"line":24,"column":0},"end":{"line":24,"column":null}},"14":{"start":{"line":27,"column":0},"end":{"line":27,"column":null}},"15":{"start":{"line":28,"column":0},"end":{"line":30,"column":null}},"16":{"start":{"line":29,"column":0},"end":{"line":29,"column":null}},"17":{"start":{"line":33,"column":0},"end":{"line":33,"column":null}},"18":{"start":{"line":34,"column":0},"end":{"line":34,"column":null}},"19":{"start":{"line":35,"column":0},"end":{"line":35,"column":null}},"20":{"start":{"line":38,"column":0},"end":{"line":38,"column":null}},"21":{"start":{"line":41,"column":0},"end":{"line":42,"column":null}}},"fnMap":{"0":{"name":"(anonymous_1)","decl":{"start":{"line":9,"column":0},"end":{"line":9,"column":null}},"loc":{"start":{"line":9,"column":0},"end":{"line":12,"column":null}}},"1":{"name":"(anonymous_2)","decl":{"start":{"line":13,"column":0},"end":{"line":13,"column":null}},"loc":{"start":{"line":13,"column":0},"end":{"line":19,"column":null}}},"2":{"name":"(anonymous_3)","decl":{"start":{"line":20,"column":0},"end":{"line":20,"column":null}},"loc":{"start":{"line":20,"column":0},"end":{"line":22,"column":null}}},"3":{"name":"(anonymous_4)","decl":{"start":{"line":23,"column":0},"end":{"line":23,"column":null}},"loc":{"start":{"line":23,"column":0},"end":{"line":25,"column":null}}},"4":{"name":"(anonymous_5)","decl":{"start":{"line":26,"column":0},"end":{"line":26,"column":null}},"loc":{"start":{"line":26,"column":0},"end":{"line":31,"column":null}}},"5":{"name":"(anonymous_6)","decl":{"start":{"line":32,"column":0},"end":{"line":32,"column":null}},"loc":{"start":{"line":32,"column":0},"end":{"line":36,"column":null}}}},"branchMap":{"0":{"loc":{"start":{"line":27,"column":0},"end":{"line":27,"column":null}},"type":"cond-expr","locations":[{"start":{"line":27,"column":0},"end":{"line":27,"column":null}},{"start":{"line":27,"column":0},"end":{"line":27,"column":null}}]},"1":{"loc":{"start":{"line":28,"column":0},"end":{"line":30,"column":null}},"type":"if","locations":[{"start":{"line":28,"column":0},"end":{"line":30,"column":null}},{"start":{"line":28,"column":0},"end":{"line":30,"column":null}}]}},"s":{"0":2,"1":2,"2":2,"3":2,"4":2,"5":2,"6":2,"7":2,"8":12,"9":12,"10":2,"11":2,"12":1,"13":1,"14":2,"15":2,"16":1,"17":1,"18":1,"19":1,"20":2,"21":2},"f":{"0":12,"1":2,"2":1,"3":1,"4":2,"5":1},"b":{"0":[3,2],"1":[1,1]}}
,"C:\\Users\\Vitali_Brych\\Desktop\\Vue.js-courses\\vue-ui\\src\\components\\main\\delete-window\\delete-window.component.vue": {"path":"C:\\Users\\Vitali_Brych\\Desktop\\Vue.js-courses\\vue-ui\\src\\components\\main\\delete-window\\delete-window.component.vue","statementMap":{"0":{"start":{"line":1,"column":0},"end":{"line":1,"column":null}},"1":{"start":{"line":2,"column":0},"end":{"line":2,"column":null}},"2":{"start":{"line":3,"column":0},"end":{"line":3,"column":null}},"3":{"start":{"line":4,"column":0},"end":{"line":4,"column":null}},"4":{"start":{"line":5,"column":0},"end":{"line":5,"column":null}},"5":{"start":{"line":6,"column":0},"end":{"line":12,"column":null}},"6":{"start":{"line":7,"column":0},"end":{"line":7,"column":null}},"7":{"start":{"line":8,"column":0},"end":{"line":8,"column":null}},"8":{"start":{"line":11,"column":0},"end":{"line":11,"column":null}},"9":{"start":{"line":13,"column":0},"end":{"line":13,"column":null}},"10":{"start":{"line":15,"column":0},"end":{"line":15,"column":null}},"11":{"start":{"line":16,"column":0},"end":{"line":16,"column":null}},"12":{"start":{"line":17,"column":0},"end":{"line":17,"column":null}},"13":{"start":{"line":24,"column":0},"end":{"line":25,"column":null}}},"fnMap":{"0":{"name":"(anonymous_1)","decl":{"start":{"line":6,"column":0},"end":{"line":6,"column":null}},"loc":{"start":{"line":6,"column":0},"end":{"line":12,"column":null}}},"1":{"name":"(anonymous_2)","decl":{"start":{"line":8,"column":0},"end":{"line":8,"column":null}},"loc":{"start":{"line":8,"column":0},"end":{"line":8,"column":null}}},"2":{"name":"(anonymous_3)","decl":{"start":{"line":14,"column":0},"end":{"line":14,"column":null}},"loc":{"start":{"line":14,"column":0},"end":{"line":22,"column":null}}}},"branchMap":{},"s":{"0":2,"1":2,"2":2,"3":2,"4":2,"5":2,"6":2,"7":2,"8":2,"9":2,"10":1,"11":1,"12":1,"13":2},"f":{"0":2,"1":2,"2":1},"b":{}}
,"C:\\Users\\Vitali_Brych\\Desktop\\Vue.js-courses\\vue-ui\\src\\components\\main\\edit-window\\edit-window.component.vue": {"path":"C:\\Users\\Vitali_Brych\\Desktop\\Vue.js-courses\\vue-ui\\src\\components\\main\\edit-window\\edit-window.component.vue","statementMap":{"0":{"start":{"line":1,"column":0},"end":{"line":1,"column":null}},"1":{"start":{"line":2,"column":0},"end":{"line":2,"column":null}},"2":{"start":{"line":3,"column":0},"end":{"line":3,"column":null}},"3":{"start":{"line":4,"column":0},"end":{"line":4,"column":null}},"4":{"start":{"line":5,"column":0},"end":{"line":5,"column":null}},"5":{"start":{"line":6,"column":0},"end":{"line":6,"column":null}},"6":{"start":{"line":8,"column":0},"end":{"line":9,"column":null}}},"fnMap":{},"branchMap":{},"s":{"0":1,"1":1,"2":1,"3":1,"4":1,"5":1,"6":1},"f":{},"b":{}}
,"C:\\Users\\Vitali_Brych\\Desktop\\Vue.js-courses\\vue-ui\\src\\components\\main\\header\\header.component.vue": {"path":"C:\\Users\\Vitali_Brych\\Desktop\\Vue.js-courses\\vue-ui\\src\\components\\main\\header\\header.component.vue","statementMap":{"0":{"start":{"line":1,"column":0},"end":{"line":1,"column":null}},"1":{"start":{"line":2,"column":0},"end":{"line":2,"column":null}},"2":{"start":{"line":3,"column":0},"end":{"line":3,"column":null}},"3":{"start":{"line":4,"column":0},"end":{"line":4,"column":null}},"4":{"start":{"line":5,"column":0},"end":{"line":5,"column":null}},"5":{"start":{"line":6,"column":0},"end":{"line":6,"column":null}},"6":{"start":{"line":7,"column":0},"end":{"line":7,"column":null}},"7":{"start":{"line":8,"column":0},"end":{"line":8,"column":null}},"8":{"start":{"line":9,"column":0},"end":{"line":9,"column":null}},"9":{"start":{"line":11,"column":0},"end":{"line":11,"column":null}},"10":{"start":{"line":12,"column":0},"end":{"line":14,"column":null}},"11":{"start":{"line":13,"column":0},"end":{"line":13,"column":null}},"12":{"start":{"line":15,"column":0},"end":{"line":15,"column":null}},"13":{"start":{"line":18,"column":0},"end":{"line":18,"column":null}},"14":{"start":{"line":21,"column":0},"end":{"line":22,"column":null}}},"fnMap":{"0":{"name":"(anonymous_1)","decl":{"start":{"line":10,"column":0},"end":{"line":10,"column":null}},"loc":{"start":{"line":10,"column":0},"end":{"line":16,"column":null}}}},"branchMap":{"0":{"loc":{"start":{"line":11,"column":0},"end":{"line":11,"column":null}},"type":"cond-expr","locations":[{"start":{"line":11,"column":0},"end":{"line":11,"column":null}},{"start":{"line":11,"column":0},"end":{"line":11,"column":null}}]},"1":{"loc":{"start":{"line":12,"column":0},"end":{"line":14,"column":null}},"type":"if","locations":[{"start":{"line":12,"column":0},"end":{"line":14,"column":null}},{"start":{"line":12,"column":0},"end":{"line":14,"column":null}}]}},"s":{"0":1,"1":1,"2":1,"3":1,"4":1,"5":1,"6":1,"7":1,"8":1,"9":2,"10":2,"11":1,"12":2,"13":1,"14":1},"f":{"0":2},"b":{"0":[3,2],"1":[1,1]}}
,"C:\\Users\\Vitali_Brych\\Desktop\\Vue.js-courses\\vue-ui\\src\\components\\shared\\buttons\\buttons.component.vue": {"path":"C:\\Users\\Vitali_Brych\\Desktop\\Vue.js-courses\\vue-ui\\src\\components\\shared\\buttons\\buttons.component.vue","statementMap":{"0":{"start":{"line":1,"column":0},"end":{"line":1,"column":null}},"1":{"start":{"line":2,"column":0},"end":{"line":2,"column":null}},"2":{"start":{"line":3,"column":0},"end":{"line":3,"column":null}},"3":{"start":{"line":4,"column":0},"end":{"line":4,"column":null}},"4":{"start":{"line":5,"column":0},"end":{"line":5,"column":null}},"5":{"start":{"line":7,"column":0},"end":{"line":7,"column":null}},"6":{"start":{"line":8,"column":0},"end":{"line":8,"column":null}},"7":{"start":{"line":11,"column":0},"end":{"line":12,"column":null}}},"fnMap":{"0":{"name":"(anonymous_1)","decl":{"start":{"line":6,"column":0},"end":{"line":6,"column":null}},"loc":{"start":{"line":6,"column":0},"end":{"line":9,"column":null}}}},"branchMap":{},"s":{"0":2,"1":2,"2":2,"3":2,"4":2,"5":1,"6":1,"7":2},"f":{"0":1},"b":{}}
,"C:\\Users\\Vitali_Brych\\Desktop\\Vue.js-courses\\vue-ui\\src\\components\\shared\\custom-nav\\custom-nav.component.vue": {"path":"C:\\Users\\Vitali_Brych\\Desktop\\Vue.js-courses\\vue-ui\\src\\components\\shared\\custom-nav\\custom-nav.component.vue","statementMap":{"0":{"start":{"line":1,"column":0},"end":{"line":1,"column":null}},"1":{"start":{"line":2,"column":0},"end":{"line":2,"column":null}},"2":{"start":{"line":3,"column":0},"end":{"line":3,"column":null}},"3":{"start":{"line":4,"column":0},"end":{"line":4,"column":null}},"4":{"start":{"line":5,"column":0},"end":{"line":5,"column":null}},"5":{"start":{"line":7,"column":0},"end":{"line":7,"column":null}},"6":{"start":{"line":8,"column":0},"end":{"line":10,"column":null}},"7":{"start":{"line":9,"column":0},"end":{"line":9,"column":null}},"8":{"start":{"line":13,"column":0},"end":{"line":14,"column":null}}},"fnMap":{"0":{"name":"(anonymous_1)","decl":{"start":{"line":6,"column":0},"end":{"line":6,"column":null}},"loc":{"start":{"line":6,"column":0},"end":{"line":11,"column":null}}}},"branchMap":{"0":{"loc":{"start":{"line":8,"column":0},"end":{"line":10,"column":null}},"type":"if","locations":[{"start":{"line":8,"column":0},"end":{"line":10,"column":null}},{"start":{"line":8,"column":0},"end":{"line":10,"column":null}}]}},"s":{"0":2,"1":2,"2":2,"3":2,"4":2,"5":2,"6":2,"7":1,"8":2},"f":{"0":2},"b":{"0":[1,1]}}
,"C:\\Users\\Vitali_Brych\\Desktop\\Vue.js-courses\\vue-ui\\src\\components\\shared\\custom-toast\\custom-toast.component.vue": {"path":"C:\\Users\\Vitali_Brych\\Desktop\\Vue.js-courses\\vue-ui\\src\\components\\shared\\custom-toast\\custom-toast.component.vue","statementMap":{"0":{"start":{"line":1,"column":0},"end":{"line":1,"column":null}},"1":{"start":{"line":2,"column":0},"end":{"line":2,"column":null}},"2":{"start":{"line":3,"column":0},"end":{"line":3,"column":null}},"3":{"start":{"line":4,"column":0},"end":{"line":4,"column":null}},"4":{"start":{"line":5,"column":0},"end":{"line":5,"column":null}},"5":{"start":{"line":7,"column":0},"end":{"line":7,"column":null}},"6":{"start":{"line":10,"column":0},"end":{"line":10,"column":null}},"7":{"start":{"line":11,"column":0},"end":{"line":17,"column":null}},"8":{"start":{"line":12,"column":0},"end":{"line":12,"column":null}},"9":{"start":{"line":13,"column":0},"end":{"line":13,"column":null}},"10":{"start":{"line":20,"column":0},"end":{"line":20,"column":null}},"11":{"start":{"line":23,"column":0},"end":{"line":23,"column":null}}},"fnMap":{"0":{"name":"(anonymous_1)","decl":{"start":{"line":6,"column":0},"end":{"line":6,"column":null}},"loc":{"start":{"line":6,"column":0},"end":{"line":8,"column":null}}},"1":{"name":"(anonymous_2)","decl":{"start":{"line":9,"column":0},"end":{"line":9,"column":null}},"loc":{"start":{"line":9,"column":0},"end":{"line":18,"column":null}}}},"branchMap":{"0":{"loc":{"start":{"line":11,"column":0},"end":{"line":17,"column":null}},"type":"if","locations":[{"start":{"line":11,"column":0},"end":{"line":17,"column":null}},{"start":{"line":11,"column":0},"end":{"line":17,"column":null}}]}},"s":{"0":3,"1":3,"2":3,"3":3,"4":3,"5":14,"6":2,"7":2,"8":1,"9":1,"10":3,"11":3},"f":{"0":14,"1":2},"b":{"0":[1,1]}}
,"C:\\Users\\Vitali_Brych\\Desktop\\Vue.js-courses\\vue-ui\\src\\components\\shared\\film-details\\film-details.component.vue": {"path":"C:\\Users\\Vitali_Brych\\Desktop\\Vue.js-courses\\vue-ui\\src\\components\\shared\\film-details\\film-details.component.vue","statementMap":{"0":{"start":{"line":1,"column":0},"end":{"line":1,"column":null}},"1":{"start":{"line":2,"column":0},"end":{"line":2,"column":null}},"2":{"start":{"line":3,"column":0},"end":{"line":3,"column":null}},"3":{"start":{"line":4,"column":0},"end":{"line":4,"column":null}},"4":{"start":{"line":5,"column":0},"end":{"line":5,"column":null}},"5":{"start":{"line":6,"column":0},"end":{"line":6,"column":null}},"6":{"start":{"line":7,"column":0},"end":{"line":7,"column":null}},"7":{"start":{"line":8,"column":0},"end":{"line":8,"column":null}},"8":{"start":{"line":10,"column":0},"end":{"line":10,"column":null}},"9":{"start":{"line":13,"column":0},"end":{"line":13,"column":null}},"10":{"start":{"line":16,"column":0},"end":{"line":16,"column":null}},"11":{"start":{"line":17,"column":0},"end":{"line":17,"column":null}},"12":{"start":{"line":20,"column":0},"end":{"line":20,"column":null}},"13":{"start":{"line":23,"column":0},"end":{"line":24,"column":null}}},"fnMap":{"0":{"name":"(anonymous_1)","decl":{"start":{"line":9,"column":0},"end":{"line":9,"column":null}},"loc":{"start":{"line":9,"column":0},"end":{"line":11,"column":null}}},"1":{"name":"(anonymous_2)","decl":{"start":{"line":12,"column":0},"end":{"line":12,"column":null}},"loc":{"start":{"line":12,"column":0},"end":{"line":14,"column":null}}},"2":{"name":"(anonymous_3)","decl":{"start":{"line":15,"column":0},"end":{"line":15,"column":null}},"loc":{"start":{"line":15,"column":0},"end":{"line":18,"column":null}}}},"branchMap":{},"s":{"0":1,"1":1,"2":1,"3":1,"4":1,"5":1,"6":1,"7":1,"8":1,"9":1,"10":2,"11":2,"12":1,"13":1},"f":{"0":1,"1":1,"2":2},"b":{}}
,"C:\\Users\\Vitali_Brych\\Desktop\\Vue.js-courses\\vue-ui\\src\\components\\shared\\film-duration\\film-duration.component.vue": {"path":"C:\\Users\\Vitali_Brych\\Desktop\\Vue.js-courses\\vue-ui\\src\\components\\shared\\film-duration\\film-duration.component.vue","statementMap":{"0":{"start":{"line":1,"column":0},"end":{"line":1,"column":null}},"1":{"start":{"line":2,"column":0},"end":{"line":2,"column":null}},"2":{"start":{"line":3,"column":0},"end":{"line":3,"column":null}},"3":{"start":{"line":4,"column":0},"end":{"line":4,"column":null}},"4":{"start":{"line":5,"column":0},"end":{"line":5,"column":null}},"5":{"start":{"line":6,"column":0},"end":{"line":6,"column":null}},"6":{"start":{"line":8,"column":0},"end":{"line":9,"column":null}}},"fnMap":{},"branchMap":{},"s":{"0":1,"1":1,"2":1,"3":1,"4":1,"5":1,"6":1},"f":{},"b":{}}
,"C:\\Users\\Vitali_Brych\\Desktop\\Vue.js-courses\\vue-ui\\src\\components\\shared\\film-rating\\film-rating.component.vue": {"path":"C:\\Users\\Vitali_Brych\\Desktop\\Vue.js-courses\\vue-ui\\src\\components\\shared\\film-rating\\film-rating.component.vue","statementMap":{"0":{"start":{"line":1,"column":0},"end":{"line":1,"column":null}},"1":{"start":{"line":2,"column":0},"end":{"line":2,"column":null}},"2":{"start":{"line":3,"column":0},"end":{"line":3,"column":null}},"3":{"start":{"line":4,"column":0},"end":{"line":4,"column":null}},"4":{"start":{"line":5,"column":0},"end":{"line":5,"column":null}},"5":{"start":{"line":7,"column":0},"end":{"line":8,"column":null}}},"fnMap":{},"branchMap":{},"s":{"0":1,"1":1,"2":1,"3":1,"4":1,"5":1},"f":{},"b":{}}
,"C:\\Users\\Vitali_Brych\\Desktop\\Vue.js-courses\\vue-ui\\src\\components\\shared\\form\\form.component.vue": {"path":"C:\\Users\\Vitali_Brych\\Desktop\\Vue.js-courses\\vue-ui\\src\\components\\shared\\form\\form.component.vue","statementMap":{"0":{"start":{"line":1,"column":0},"end":{"line":1,"column":null}},"1":{"start":{"line":2,"column":0},"end":{"line":2,"column":null}},"2":{"start":{"line":3,"column":0},"end":{"line":3,"column":null}},"3":{"start":{"line":4,"column":0},"end":{"line":4,"column":null}},"4":{"start":{"line":5,"column":0},"end":{"line":5,"column":null}},"5":{"start":{"line":6,"column":0},"end":{"line":6,"column":null}},"6":{"start":{"line":7,"column":0},"end":{"line":7,"column":null}},"7":{"start":{"line":8,"column":0},"end":{"line":20,"column":null}},"8":{"start":{"line":9,"column":0},"end":{"line":9,"column":null}},"9":{"start":{"line":10,"column":0},"end":{"line":18,"column":null}},"10":{"start":{"line":11,"column":0},"end":{"line":17,"column":null}},"11":{"start":{"line":12,"column":0},"end":{"line":16,"column":null}},"12":{"start":{"line":13,"column":0},"end":{"line":15,"column":null}},"13":{"start":{"line":14,"column":0},"end":{"line":14,"column":null}},"14":{"start":{"line":19,"column":0},"end":{"line":19,"column":null}},"15":{"start":{"line":21,"column":0},"end":{"line":21,"column":null}},"16":{"start":{"line":23,"column":0},"end":{"line":23,"column":null}},"17":{"start":{"line":26,"column":0},"end":{"line":26,"column":null}},"18":{"start":{"line":27,"column":0},"end":{"line":27,"column":null}},"19":{"start":{"line":36,"column":0},"end":{"line":36,"column":null}},"20":{"start":{"line":43,"column":0},"end":{"line":43,"column":null}},"21":{"start":{"line":44,"column":0},"end":{"line":44,"column":null}},"22":{"start":{"line":52,"column":0},"end":{"line":52,"column":null}},"23":{"start":{"line":55,"column":0},"end":{"line":55,"column":null}},"24":{"start":{"line":56,"column":0},"end":{"line":56,"column":null}},"25":{"start":{"line":58,"column":0},"end":{"line":58,"column":null}},"26":{"start":{"line":64,"column":0},"end":{"line":83,"column":null}},"27":{"start":{"line":65,"column":0},"end":{"line":65,"column":null}},"28":{"start":{"line":66,"column":0},"end":{"line":83,"column":null}},"29":{"start":{"line":68,"column":0},"end":{"line":68,"column":null}},"30":{"start":{"line":69,"column":0},"end":{"line":69,"column":null}},"31":{"start":{"line":70,"column":0},"end":{"line":70,"column":null}},"32":{"start":{"line":71,"column":0},"end":{"line":71,"column":null}},"33":{"start":{"line":72,"column":0},"end":{"line":72,"column":null}},"34":{"start":{"line":86,"column":0},"end":{"line":86,"column":null}},"35":{"start":{"line":90,"column":0},"end":{"line":90,"column":null}},"36":{"start":{"line":93,"column":0},"end":{"line":93,"column":null}},"37":{"start":{"line":96,"column":0},"end":{"line":96,"column":null}},"38":{"start":{"line":99,"column":0},"end":{"line":99,"column":null}},"39":{"start":{"line":102,"column":0},"end":{"line":103,"column":null}}},"fnMap":{"0":{"name":"(anonymous_1)","decl":{"start":{"line":8,"column":0},"end":{"line":8,"column":null}},"loc":{"start":{"line":8,"column":0},"end":{"line":20,"column":null}}},"1":{"name":"(anonymous_2)","decl":{"start":{"line":10,"column":0},"end":{"line":10,"column":null}},"loc":{"start":{"line":10,"column":0},"end":{"line":18,"column":null}}},"2":{"name":"(anonymous_3)","decl":{"start":{"line":22,"column":0},"end":{"line":22,"column":null}},"loc":{"start":{"line":22,"column":0},"end":{"line":24,"column":null}}},"3":{"name":"(anonymous_4)","decl":{"start":{"line":25,"column":0},"end":{"line":25,"column":null}},"loc":{"start":{"line":25,"column":0},"end":{"line":41,"column":null}}},"4":{"name":"(anonymous_5)","decl":{"start":{"line":36,"column":0},"end":{"line":36,"column":null}},"loc":{"start":{"line":36,"column":0},"end":{"line":36,"column":null}}},"5":{"name":"(anonymous_6)","decl":{"start":{"line":42,"column":0},"end":{"line":42,"column":null}},"loc":{"start":{"line":42,"column":0},"end":{"line":53,"column":null}}},"6":{"name":"(anonymous_7)","decl":{"start":{"line":54,"column":0},"end":{"line":54,"column":null}},"loc":{"start":{"line":54,"column":0},"end":{"line":84,"column":null}}},"7":{"name":"(anonymous_8)","decl":{"start":{"line":58,"column":0},"end":{"line":58,"column":null}},"loc":{"start":{"line":58,"column":0},"end":{"line":58,"column":null}}},"8":{"name":"(anonymous_9)","decl":{"start":{"line":85,"column":0},"end":{"line":85,"column":null}},"loc":{"start":{"line":85,"column":0},"end":{"line":88,"column":null}}},"9":{"name":"(anonymous_10)","decl":{"start":{"line":89,"column":0},"end":{"line":89,"column":null}},"loc":{"start":{"line":89,"column":0},"end":{"line":91,"column":null}}}},"branchMap":{"0":{"loc":{"start":{"line":11,"column":0},"end":{"line":17,"column":null}},"type":"if","locations":[{"start":{"line":11,"column":0},"end":{"line":17,"column":null}},{"start":{"line":11,"column":0},"end":{"line":17,"column":null}}]},"1":{"loc":{"start":{"line":13,"column":0},"end":{"line":15,"column":null}},"type":"if","locations":[{"start":{"line":13,"column":0},"end":{"line":15,"column":null}},{"start":{"line":13,"column":0},"end":{"line":15,"column":null}}]},"2":{"loc":{"start":{"line":23,"column":0},"end":{"line":23,"column":null}},"type":"binary-expr","locations":[{"start":{"line":23,"column":0},"end":{"line":23,"column":null}},{"start":{"line":23,"column":0},"end":{"line":23,"column":null}}]},"3":{"loc":{"start":{"line":29,"column":0},"end":{"line":29,"column":null}},"type":"cond-expr","locations":[{"start":{"line":29,"column":0},"end":{"line":29,"column":null}},{"start":{"line":29,"column":0},"end":{"line":29,"column":null}}]},"4":{"loc":{"start":{"line":30,"column":0},"end":{"line":30,"column":null}},"type":"cond-expr","locations":[{"start":{"line":30,"column":0},"end":{"line":30,"column":null}},{"start":{"line":30,"column":0},"end":{"line":30,"column":null}}]},"5":{"loc":{"start":{"line":31,"column":0},"end":{"line":31,"column":null}},"type":"cond-expr","locations":[{"start":{"line":31,"column":0},"end":{"line":31,"column":null}},{"start":{"line":31,"column":0},"end":{"line":31,"column":null}}]},"6":{"loc":{"start":{"line":32,"column":0},"end":{"line":32,"column":null}},"type":"cond-expr","locations":[{"start":{"line":32,"column":0},"end":{"line":32,"column":null}},{"start":{"line":32,"column":0},"end":{"line":32,"column":null}}]},"7":{"loc":{"start":{"line":33,"column":0},"end":{"line":33,"column":null}},"type":"cond-expr","locations":[{"start":{"line":33,"column":0},"end":{"line":33,"column":null}},{"start":{"line":33,"column":0},"end":{"line":33,"column":null}}]},"8":{"loc":{"start":{"line":34,"column":0},"end":{"line":34,"column":null}},"type":"cond-expr","locations":[{"start":{"line":34,"column":0},"end":{"line":34,"column":null}},{"start":{"line":34,"column":0},"end":{"line":34,"column":null}}]},"9":{"loc":{"start":{"line":36,"column":0},"end":{"line":36,"column":null}},"type":"binary-expr","locations":[{"start":{"line":36,"column":0},"end":{"line":36,"column":null}},{"start":{"line":36,"column":0},"end":{"line":36,"column":null}}]},"10":{"loc":{"start":{"line":45,"column":0},"end":{"line":45,"column":null}},"type":"cond-expr","locations":[{"start":{"line":45,"column":0},"end":{"line":45,"column":null}},{"start":{"line":45,"column":0},"end":{"line":45,"column":null}}]},"11":{"loc":{"start":{"line":64,"column":0},"end":{"line":83,"column":null}},"type":"if","locations":[{"start":{"line":64,"column":0},"end":{"line":83,"column":null}},{"start":{"line":64,"column":0},"end":{"line":83,"column":null}}]},"12":{"loc":{"start":{"line":66,"column":0},"end":{"line":83,"column":null}},"type":"if","locations":[{"start":{"line":66,"column":0},"end":{"line":83,"column":null}},{"start":{"line":66,"column":0},"end":{"line":83,"column":null}}]},"13":{"loc":{"start":{"line":68,"column":0},"end":{"line":68,"column":null}},"type":"cond-expr","locations":[{"start":{"line":68,"column":0},"end":{"line":68,"column":null}},{"start":{"line":68,"column":0},"end":{"line":68,"column":null}}]},"14":{"loc":{"start":{"line":69,"column":0},"end":{"line":69,"column":null}},"type":"cond-expr","locations":[{"start":{"line":69,"column":0},"end":{"line":69,"column":null}},{"start":{"line":69,"column":0},"end":{"line":69,"column":null}}]},"15":{"loc":{"start":{"line":86,"column":0},"end":{"line":86,"column":null}},"type":"binary-expr","locations":[{"start":{"line":86,"column":0},"end":{"line":86,"column":null}},{"start":{"line":86,"column":0},"end":{"line":86,"column":null}}]}},"s":{"0":4,"1":4,"2":4,"3":4,"4":4,"5":4,"6":4,"7":4,"8":2,"9":2,"10":2,"11":1,"12":12,"13":11,"14":2,"15":4,"16":7,"17":7,"18":7,"19":3,"20":1,"21":1,"22":1,"23":3,"24":3,"25":3,"26":3,"27":1,"28":2,"29":1,"30":1,"31":1,"32":1,"33":1,"34":33,"35":0,"36":4,"37":4,"38":4,"39":4},"f":{"0":2,"1":2,"2":7,"3":7,"4":3,"5":1,"6":3,"7":3,"8":33,"9":0},"b":{"0":[1,1],"1":[11,1],"2":[7,0],"3":[11,8],"4":[11,8],"5":[11,8],"6":[11,8],"7":[11,8],"8":[11,8],"9":[18,12],"10":[2,1],"11":[1,2],"12":[1,1],"13":[1,2],"14":[1,2],"15":[75,66]}}
,"C:\\Users\\Vitali_Brych\\Desktop\\Vue.js-courses\\vue-ui\\src\\components\\shared\\header-nav\\header-nav.component.vue": {"path":"C:\\Users\\Vitali_Brych\\Desktop\\Vue.js-courses\\vue-ui\\src\\components\\shared\\header-nav\\header-nav.component.vue","statementMap":{"0":{"start":{"line":1,"column":0},"end":{"line":1,"column":null}},"1":{"start":{"line":2,"column":0},"end":{"line":2,"column":null}},"2":{"start":{"line":3,"column":0},"end":{"line":3,"column":null}},"3":{"start":{"line":4,"column":0},"end":{"line":4,"column":null}},"4":{"start":{"line":5,"column":0},"end":{"line":5,"column":null}},"5":{"start":{"line":6,"column":0},"end":{"line":6,"column":null}},"6":{"start":{"line":7,"column":0},"end":{"line":7,"column":null}},"7":{"start":{"line":8,"column":0},"end":{"line":8,"column":null}},"8":{"start":{"line":10,"column":0},"end":{"line":10,"column":null}},"9":{"start":{"line":13,"column":0},"end":{"line":13,"column":null}},"10":{"start":{"line":16,"column":0},"end":{"line":16,"column":null}},"11":{"start":{"line":19,"column":0},"end":{"line":20,"column":null}}},"fnMap":{},"branchMap":{},"s":{"0":1,"1":1,"2":1,"3":1,"4":1,"5":1,"6":1,"7":1,"8":1,"9":1,"10":1,"11":1},"f":{},"b":{}}
,"C:\\Users\\Vitali_Brych\\Desktop\\Vue.js-courses\\vue-ui\\src\\components\\shared\\name-window\\name-window.component.vue": {"path":"C:\\Users\\Vitali_Brych\\Desktop\\Vue.js-courses\\vue-ui\\src\\components\\shared\\name-window\\name-window.component.vue","statementMap":{"0":{"start":{"line":1,"column":0},"end":{"line":1,"column":null}},"1":{"start":{"line":2,"column":0},"end":{"line":2,"column":null}},"2":{"start":{"line":3,"column":0},"end":{"line":3,"column":null}},"3":{"start":{"line":4,"column":0},"end":{"line":4,"column":null}},"4":{"start":{"line":5,"column":0},"end":{"line":5,"column":null}},"5":{"start":{"line":7,"column":0},"end":{"line":7,"column":null}},"6":{"start":{"line":9,"column":0},"end":{"line":9,"column":null}},"7":{"start":{"line":10,"column":0},"end":{"line":10,"column":null}},"8":{"start":{"line":12,"column":0},"end":{"line":12,"column":null}},"9":{"start":{"line":13,"column":0},"end":{"line":13,"column":null}},"10":{"start":{"line":15,"column":0},"end":{"line":15,"column":null}},"11":{"start":{"line":16,"column":0},"end":{"line":16,"column":null}},"12":{"start":{"line":18,"column":0},"end":{"line":18,"column":null}},"13":{"start":{"line":22,"column":0},"end":{"line":22,"column":null}},"14":{"start":{"line":25,"column":0},"end":{"line":25,"column":null}}},"fnMap":{"0":{"name":"(anonymous_1)","decl":{"start":{"line":6,"column":0},"end":{"line":6,"column":null}},"loc":{"start":{"line":6,"column":0},"end":{"line":20,"column":null}}}},"branchMap":{"0":{"loc":{"start":{"line":8,"column":0},"end":{"line":10,"column":null}},"type":"switch","locations":[{"start":{"line":8,"column":0},"end":{"line":10,"column":null}},{"start":{"line":11,"column":0},"end":{"line":13,"column":null}},{"start":{"line":14,"column":0},"end":{"line":16,"column":null}},{"start":{"line":17,"column":0},"end":{"line":18,"column":null}}]}},"s":{"0":5,"1":5,"2":5,"3":5,"4":5,"5":4,"6":1,"7":1,"8":1,"9":1,"10":1,"11":1,"12":1,"13":5,"14":5},"f":{"0":4},"b":{"0":[1,1,1,1]}}
,"C:\\Users\\Vitali_Brych\\Desktop\\Vue.js-courses\\vue-ui\\src\\components\\shared\\not-found\\not-found.component.vue": {"path":"C:\\Users\\Vitali_Brych\\Desktop\\Vue.js-courses\\vue-ui\\src\\components\\shared\\not-found\\not-found.component.vue","statementMap":{"0":{"start":{"line":1,"column":0},"end":{"line":1,"column":null}},"1":{"start":{"line":2,"column":0},"end":{"line":2,"column":null}},"2":{"start":{"line":3,"column":0},"end":{"line":3,"column":null}},"3":{"start":{"line":4,"column":0},"end":{"line":4,"column":null}},"4":{"start":{"line":6,"column":0},"end":{"line":6,"column":null}}},"fnMap":{},"branchMap":{},"s":{"0":1,"1":1,"2":1,"3":1,"4":1},"f":{},"b":{}}
,"C:\\Users\\Vitali_Brych\\Desktop\\Vue.js-courses\\vue-ui\\src\\components\\shared\\observer\\observer.component.vue": {"path":"C:\\Users\\Vitali_Brych\\Desktop\\Vue.js-courses\\vue-ui\\src\\components\\shared\\observer\\observer.component.vue","statementMap":{"0":{"start":{"line":1,"column":0},"end":{"line":1,"column":null}},"1":{"start":{"line":2,"column":0},"end":{"line":2,"column":null}},"2":{"start":{"line":3,"column":0},"end":{"line":3,"column":null}},"3":{"start":{"line":4,"column":0},"end":{"line":4,"column":null}},"4":{"start":{"line":6,"column":0},"end":{"line":6,"column":null}},"5":{"start":{"line":11,"column":0},"end":{"line":15,"column":null}},"6":{"start":{"line":12,"column":0},"end":{"line":14,"column":null}},"7":{"start":{"line":13,"column":0},"end":{"line":13,"column":null}},"8":{"start":{"line":16,"column":0},"end":{"line":16,"column":null}},"9":{"start":{"line":17,"column":0},"end":{"line":17,"column":null}},"10":{"start":{"line":20,"column":0},"end":{"line":20,"column":null}},"11":{"start":{"line":23,"column":0},"end":{"line":23,"column":null}}},"fnMap":{"0":{"name":"(anonymous_1)","decl":{"start":{"line":5,"column":0},"end":{"line":5,"column":null}},"loc":{"start":{"line":5,"column":0},"end":{"line":9,"column":null}}},"1":{"name":"(anonymous_2)","decl":{"start":{"line":10,"column":0},"end":{"line":10,"column":null}},"loc":{"start":{"line":10,"column":0},"end":{"line":18,"column":null}}},"2":{"name":"(anonymous_3)","decl":{"start":{"line":11,"column":0},"end":{"line":11,"column":null}},"loc":{"start":{"line":11,"column":0},"end":{"line":15,"column":null}}},"3":{"name":"(anonymous_4)","decl":{"start":{"line":19,"column":0},"end":{"line":19,"column":null}},"loc":{"start":{"line":19,"column":0},"end":{"line":21,"column":null}}}},"branchMap":{"0":{"loc":{"start":{"line":12,"column":0},"end":{"line":14,"column":null}},"type":"if","locations":[{"start":{"line":12,"column":0},"end":{"line":14,"column":null}},{"start":{"line":12,"column":0},"end":{"line":14,"column":null}}]},"1":{"loc":{"start":{"line":12,"column":0},"end":{"line":12,"column":null}},"type":"binary-expr","locations":[{"start":{"line":12,"column":0},"end":{"line":12,"column":null}},{"start":{"line":12,"column":0},"end":{"line":12,"column":null}}]}},"s":{"0":2,"1":2,"2":2,"3":2,"4":6,"5":6,"6":0,"7":0,"8":6,"9":6,"10":1,"11":2},"f":{"0":6,"1":6,"2":0,"3":1},"b":{"0":[0,0],"1":[0,0]}}
,"C:\\Users\\Vitali_Brych\\Desktop\\Vue.js-courses\\vue-ui\\src\\components\\shared\\search\\search.component.vue": {"path":"C:\\Users\\Vitali_Brych\\Desktop\\Vue.js-courses\\vue-ui\\src\\components\\shared\\search\\search.component.vue","statementMap":{"0":{"start":{"line":1,"column":0},"end":{"line":1,"column":null}},"1":{"start":{"line":2,"column":0},"end":{"line":2,"column":null}},"2":{"start":{"line":3,"column":0},"end":{"line":3,"column":null}},"3":{"start":{"line":4,"column":0},"end":{"line":4,"column":null}},"4":{"start":{"line":5,"column":0},"end":{"line":5,"column":null}},"5":{"start":{"line":7,"column":0},"end":{"line":7,"column":null}},"6":{"start":{"line":8,"column":0},"end":{"line":8,"column":null}},"7":{"start":{"line":11,"column":0},"end":{"line":11,"column":null}},"8":{"start":{"line":18,"column":0},"end":{"line":18,"column":null}},"9":{"start":{"line":21,"column":0},"end":{"line":21,"column":null}},"10":{"start":{"line":22,"column":0},"end":{"line":22,"column":null}},"11":{"start":{"line":29,"column":0},"end":{"line":30,"column":null}}},"fnMap":{"0":{"name":"(anonymous_1)","decl":{"start":{"line":6,"column":0},"end":{"line":6,"column":null}},"loc":{"start":{"line":6,"column":0},"end":{"line":9,"column":null}}},"1":{"name":"(anonymous_2)","decl":{"start":{"line":10,"column":0},"end":{"line":10,"column":null}},"loc":{"start":{"line":10,"column":0},"end":{"line":16,"column":null}}},"2":{"name":"(anonymous_3)","decl":{"start":{"line":17,"column":0},"end":{"line":17,"column":null}},"loc":{"start":{"line":17,"column":0},"end":{"line":19,"column":null}}},"3":{"name":"(anonymous_4)","decl":{"start":{"line":20,"column":0},"end":{"line":20,"column":null}},"loc":{"start":{"line":20,"column":0},"end":{"line":27,"column":null}}}},"branchMap":{},"s":{"0":2,"1":2,"2":2,"3":2,"4":2,"5":3,"6":3,"7":3,"8":4,"9":1,"10":1,"11":2},"f":{"0":3,"1":3,"2":4,"3":1},"b":{}}
,"C:\\Users\\Vitali_Brych\\Desktop\\Vue.js-courses\\vue-ui\\src\\components\\shared\\search-results\\search-results.component.vue": {"path":"C:\\Users\\Vitali_Brych\\Desktop\\Vue.js-courses\\vue-ui\\src\\components\\shared\\search-results\\search-results.component.vue","statementMap":{"0":{"start":{"line":1,"column":0},"end":{"line":1,"column":null}},"1":{"start":{"line":2,"column":0},"end":{"line":2,"column":null}},"2":{"start":{"line":3,"column":0},"end":{"line":3,"column":null}},"3":{"start":{"line":4,"column":0},"end":{"line":4,"column":null}},"4":{"start":{"line":5,"column":0},"end":{"line":5,"column":null}},"5":{"start":{"line":6,"column":0},"end":{"line":6,"column":null}},"6":{"start":{"line":7,"column":0},"end":{"line":7,"column":null}},"7":{"start":{"line":8,"column":0},"end":{"line":8,"column":null}},"8":{"start":{"line":9,"column":0},"end":{"line":9,"column":null}},"9":{"start":{"line":10,"column":0},"end":{"line":10,"column":null}},"10":{"start":{"line":12,"column":0},"end":{"line":19,"column":null}},"11":{"start":{"line":16,"column":0},"end":{"line":16,"column":null}},"12":{"start":{"line":17,"column":0},"end":{"line":17,"column":null}},"13":{"start":{"line":18,"column":0},"end":{"line":18,"column":null}},"14":{"start":{"line":22,"column":0},"end":{"line":22,"column":null}},"15":{"start":{"line":23,"column":0},"end":{"line":25,"column":null}},"16":{"start":{"line":24,"column":0},"end":{"line":24,"column":null}},"17":{"start":{"line":26,"column":0},"end":{"line":31,"column":null}},"18":{"start":{"line":27,"column":0},"end":{"line":27,"column":null}},"19":{"start":{"line":34,"column":0},"end":{"line":35,"column":null}}},"fnMap":{"0":{"name":"(anonymous_1)","decl":{"start":{"line":11,"column":0},"end":{"line":11,"column":null}},"loc":{"start":{"line":11,"column":0},"end":{"line":20,"column":null}}},"1":{"name":"(anonymous_2)","decl":{"start":{"line":21,"column":0},"end":{"line":21,"column":null}},"loc":{"start":{"line":21,"column":0},"end":{"line":32,"column":null}}}},"branchMap":{"0":{"loc":{"start":{"line":12,"column":0},"end":{"line":19,"column":null}},"type":"if","locations":[{"start":{"line":12,"column":0},"end":{"line":19,"column":null}},{"start":{"line":12,"column":0},"end":{"line":19,"column":null}}]},"1":{"loc":{"start":{"line":12,"column":0},"end":{"line":12,"column":null}},"type":"binary-expr","locations":[{"start":{"line":12,"column":0},"end":{"line":12,"column":null}},{"start":{"line":12,"column":0},"end":{"line":12,"column":null}},{"start":{"line":12,"column":0},"end":{"line":12,"column":null}},{"start":{"line":12,"column":0},"end":{"line":12,"column":null}}]},"2":{"loc":{"start":{"line":23,"column":0},"end":{"line":25,"column":null}},"type":"if","locations":[{"start":{"line":23,"column":0},"end":{"line":25,"column":null}},{"start":{"line":23,"column":0},"end":{"line":25,"column":null}}]},"3":{"loc":{"start":{"line":23,"column":0},"end":{"line":23,"column":null}},"type":"binary-expr","locations":[{"start":{"line":23,"column":0},"end":{"line":23,"column":null}},{"start":{"line":23,"column":0},"end":{"line":23,"column":null}}]},"4":{"loc":{"start":{"line":26,"column":0},"end":{"line":31,"column":null}},"type":"if","locations":[{"start":{"line":26,"column":0},"end":{"line":31,"column":null}},{"start":{"line":26,"column":0},"end":{"line":31,"column":null}}]},"5":{"loc":{"start":{"line":26,"column":0},"end":{"line":26,"column":null}},"type":"binary-expr","locations":[{"start":{"line":26,"column":0},"end":{"line":26,"column":null}},{"start":{"line":26,"column":0},"end":{"line":26,"column":null}},{"start":{"line":26,"column":0},"end":{"line":26,"column":null}}]}},"s":{"0":1,"1":1,"2":1,"3":1,"4":1,"5":1,"6":1,"7":1,"8":1,"9":1,"10":2,"11":1,"12":1,"13":1,"14":4,"15":4,"16":1,"17":4,"18":1,"19":1},"f":{"0":2,"1":4},"b":{"0":[1,1],"1":[2,1,1,1],"2":[1,3],"3":[4,2],"4":[1,3],"5":[4,2,1]}}
,"C:\\Users\\Vitali_Brych\\Desktop\\Vue.js-courses\\vue-ui\\src\\store\\modules\\loader.ts": {"path":"C:\\Users\\Vitali_Brych\\Desktop\\Vue.js-courses\\vue-ui\\src\\store\\modules\\loader.ts","statementMap":{"0":{"start":{"line":3,"column":33},"end":{"line":3,"column":null}},"1":{"start":{"line":12,"column":6},"end":{"line":12,"column":11}},"2":{"start":{"line":17,"column":15},"end":{"line":17,"column":null}}},"fnMap":{"0":{"name":"(anonymous_0)","decl":{"start":{"line":11,"column":4},"end":{"line":11,"column":11}},"loc":{"start":{"line":11,"column":24},"end":{"line":13,"column":null}}}},"branchMap":{},"s":{"0":1,"1":1,"2":1},"f":{"0":1},"b":{}}
,"C:\\Users\\Vitali_Brych\\Desktop\\Vue.js-courses\\vue-ui\\src\\store\\modules\\movie.ts": {"path":"C:\\Users\\Vitali_Brych\\Desktop\\Vue.js-courses\\vue-ui\\src\\store\\modules\\movie.ts","statementMap":{"0":{"start":{"line":1,"column":0},"end":{"line":1,"column":null}},"1":{"start":{"line":5,"column":15},"end":{"line":26,"column":null}},"2":{"start":{"line":6,"column":30},"end":{"line":6,"column":null}},"3":{"start":{"line":8,"column":2},"end":{"line":8,"column":10}},"4":{"start":{"line":10,"column":6},"end":{"line":10,"column":14}},"5":{"start":{"line":11,"column":30},"end":{"line":11,"column":null}},"6":{"start":{"line":13,"column":6},"end":{"line":13,"column":null}},"7":{"start":{"line":15,"column":6},"end":{"line":15,"column":14}},"8":{"start":{"line":17,"column":10},"end":{"line":18,"column":14}},"9":{"start":{"line":20,"column":6},"end":{"line":20,"column":null}},"10":{"start":{"line":22,"column":6},"end":{"line":22,"column":null}},"11":{"start":{"line":25,"column":2},"end":{"line":25,"column":9}},"12":{"start":{"line":28,"column":32},"end":{"line":28,"column":null}},"13":{"start":{"line":45,"column":6},"end":{"line":45,"column":11}},"14":{"start":{"line":46,"column":6},"end":{"line":46,"column":11}},"15":{"start":{"line":49,"column":6},"end":{"line":49,"column":11}},"16":{"start":{"line":50,"column":6},"end":{"line":50,"column":11}},"17":{"start":{"line":53,"column":6},"end":{"line":53,"column":11}},"18":{"start":{"line":57,"column":6},"end":{"line":57,"column":11}},"19":{"start":{"line":58,"column":6},"end":{"line":58,"column":11}},"20":{"start":{"line":62,"column":6},"end":{"line":62,"column":11}},"21":{"start":{"line":66,"column":6},"end":{"line":66,"column":11}},"22":{"start":{"line":67,"column":6},"end":{"line":67,"column":11}},"23":{"start":{"line":68,"column":6},"end":{"line":68,"column":11}},"24":{"start":{"line":71,"column":6},"end":{"line":71,"column":11}},"25":{"start":{"line":72,"column":6},"end":{"line":72,"column":11}},"26":{"start":{"line":75,"column":6},"end":{"line":75,"column":11}},"27":{"start":{"line":76,"column":6},"end":{"line":76,"column":11}},"28":{"start":{"line":79,"column":6},"end":{"line":79,"column":11}},"29":{"start":{"line":80,"column":6},"end":{"line":80,"column":11}},"30":{"start":{"line":81,"column":6},"end":{"line":81,"column":11}},"31":{"start":{"line":84,"column":6},"end":{"line":84,"column":11}},"32":{"start":{"line":87,"column":6},"end":{"line":87,"column":11}},"33":{"start":{"line":90,"column":21},"end":{"line":90,"column":null}},"34":{"start":{"line":92,"column":6},"end":{"line":92,"column":14}},"35":{"start":{"line":94,"column":10},"end":{"line":94,"column":18}},"36":{"start":{"line":95,"column":10},"end":{"line":95,"column":null}},"37":{"start":{"line":97,"column":10},"end":{"line":97,"column":18}},"38":{"start":{"line":98,"column":10},"end":{"line":98,"column":null}},"39":{"start":{"line":100,"column":10},"end":{"line":100,"column":null}},"40":{"start":{"line":103,"column":23},"end":{"line":103,"column":null}},"41":{"start":{"line":105,"column":6},"end":{"line":112,"column":null}},"42":{"start":{"line":106,"column":25},"end":{"line":106,"column":32}},"43":{"start":{"line":108,"column":8},"end":{"line":108,"column":13}},"44":{"start":{"line":114,"column":6},"end":{"line":114,"column":11}},"45":{"start":{"line":119,"column":28},"end":{"line":119,"column":35}},"46":{"start":{"line":121,"column":6},"end":{"line":128,"column":null}},"47":{"start":{"line":122,"column":8},"end":{"line":122,"column":23}},"48":{"start":{"line":124,"column":26},"end":{"line":124,"column":30}},"49":{"start":{"line":125,"column":8},"end":{"line":125,"column":18}},"50":{"start":{"line":127,"column":8},"end":{"line":127,"column":18}},"51":{"start":{"line":130,"column":6},"end":{"line":130,"column":11}},"52":{"start":{"line":134,"column":6},"end":{"line":134,"column":11}},"53":{"start":{"line":140,"column":18},"end":{"line":140,"column":null}},"54":{"start":{"line":141,"column":6},"end":{"line":141,"column":12}},"55":{"start":{"line":142,"column":6},"end":{"line":142,"column":12}},"56":{"start":{"line":144,"column":6},"end":{"line":144,"column":13}},"57":{"start":{"line":147,"column":10},"end":{"line":147,"column":16}},"58":{"start":{"line":151,"column":10},"end":{"line":151,"column":16}},"59":{"start":{"line":152,"column":10},"end":{"line":152,"column":16}},"60":{"start":{"line":154,"column":22},"end":{"line":154,"column":29}},"61":{"start":{"line":157,"column":6},"end":{"line":157,"column":12}},"62":{"start":{"line":159,"column":6},"end":{"line":159,"column":13}},"63":{"start":{"line":162,"column":10},"end":{"line":162,"column":16}},"64":{"start":{"line":167,"column":22},"end":{"line":167,"column":29}},"65":{"start":{"line":170,"column":6},"end":{"line":170,"column":13}},"66":{"start":{"line":173,"column":10},"end":{"line":173,"column":16}},"67":{"start":{"line":177,"column":10},"end":{"line":177,"column":16}},"68":{"start":{"line":179,"column":22},"end":{"line":179,"column":null}},"69":{"start":{"line":182,"column":6},"end":{"line":182,"column":13}},"70":{"start":{"line":185,"column":10},"end":{"line":185,"column":16}},"71":{"start":{"line":187,"column":22},"end":{"line":187,"column":null}},"72":{"start":{"line":190,"column":6},"end":{"line":190,"column":13}},"73":{"start":{"line":193,"column":10},"end":{"line":193,"column":17}},"74":{"start":{"line":196,"column":10},"end":{"line":196,"column":16}},"75":{"start":{"line":200,"column":10},"end":{"line":200,"column":16}},"76":{"start":{"line":202,"column":22},"end":{"line":202,"column":null}},"77":{"start":{"line":205,"column":18},"end":{"line":205,"column":null}},"78":{"start":{"line":206,"column":6},"end":{"line":206,"column":12}},"79":{"start":{"line":207,"column":6},"end":{"line":207,"column":12}},"80":{"start":{"line":208,"column":6},"end":{"line":208,"column":13}},"81":{"start":{"line":211,"column":10},"end":{"line":211,"column":16}},"82":{"start":{"line":215,"column":10},"end":{"line":215,"column":16}},"83":{"start":{"line":217,"column":22},"end":{"line":217,"column":29}},"84":{"start":{"line":220,"column":6},"end":{"line":220,"column":12}},"85":{"start":{"line":222,"column":6},"end":{"line":222,"column":13}},"86":{"start":{"line":225,"column":10},"end":{"line":225,"column":16}},"87":{"start":{"line":227,"column":22},"end":{"line":227,"column":29}},"88":{"start":{"line":232,"column":15},"end":{"line":232,"column":null}}},"fnMap":{"0":{"name":"(anonymous_0)","decl":{"start":{"line":5,"column":15},"end":{"line":5,"column":16}},"loc":{"start":{"line":5,"column":52},"end":{"line":26,"column":null}}},"1":{"name":"(anonymous_1)","decl":{"start":{"line":11,"column":8},"end":{"line":11,"column":9}},"loc":{"start":{"line":11,"column":30},"end":{"line":11,"column":null}}},"2":{"name":"(anonymous_2)","decl":{"start":{"line":16,"column":8},"end":{"line":16,"column":9}},"loc":{"start":{"line":17,"column":10},"end":{"line":18,"column":14}}},"3":{"name":"(anonymous_3)","decl":{"start":{"line":44,"column":4},"end":{"line":44,"column":22}},"loc":{"start":{"line":44,"column":28},"end":{"line":47,"column":null}}},"4":{"name":"(anonymous_4)","decl":{"start":{"line":48,"column":4},"end":{"line":48,"column":24}},"loc":{"start":{"line":48,"column":39},"end":{"line":51,"column":null}}},"5":{"name":"(anonymous_5)","decl":{"start":{"line":52,"column":4},"end":{"line":52,"column":21}},"loc":{"start":{"line":52,"column":36},"end":{"line":64,"column":null}}},"6":{"name":"(anonymous_6)","decl":{"start":{"line":65,"column":4},"end":{"line":65,"column":24}},"loc":{"start":{"line":65,"column":37},"end":{"line":69,"column":null}}},"7":{"name":"(anonymous_7)","decl":{"start":{"line":70,"column":4},"end":{"line":70,"column":22}},"loc":{"start":{"line":70,"column":28},"end":{"line":73,"column":null}}},"8":{"name":"(anonymous_8)","decl":{"start":{"line":74,"column":4},"end":{"line":74,"column":24}},"loc":{"start":{"line":74,"column":38},"end":{"line":77,"column":null}}},"9":{"name":"(anonymous_9)","decl":{"start":{"line":78,"column":4},"end":{"line":78,"column":24}},"loc":{"start":{"line":78,"column":37},"end":{"line":82,"column":null}}},"10":{"name":"(anonymous_10)","decl":{"start":{"line":83,"column":4},"end":{"line":83,"column":11}},"loc":{"start":{"line":83,"column":24},"end":{"line":85,"column":null}}},"11":{"name":"(anonymous_11)","decl":{"start":{"line":86,"column":4},"end":{"line":86,"column":14}},"loc":{"start":{"line":86,"column":27},"end":{"line":88,"column":null}}},"12":{"name":"(anonymous_12)","decl":{"start":{"line":89,"column":4},"end":{"line":89,"column":8}},"loc":{"start":{"line":89,"column":21},"end":{"line":115,"column":null}}},"13":{"name":"(anonymous_13)","decl":{"start":{"line":116,"column":4},"end":{"line":116,"column":13}},"loc":{"start":{"line":116,"column":26},"end":{"line":135,"column":null}}},"14":{"name":"(anonymous_14)","decl":{"start":{"line":124,"column":18},"end":{"line":124,"column":22}},"loc":{"start":{"line":124,"column":26},"end":{"line":124,"column":30}}},"15":{"name":"(anonymous_15)","decl":{"start":{"line":139,"column":4},"end":{"line":139,"column":16}},"loc":{"start":{"line":139,"column":36},"end":{"line":155,"column":null}}},"16":{"name":"(anonymous_16)","decl":{"start":{"line":146,"column":14},"end":{"line":146,"column":17}},"loc":{"start":{"line":146,"column":20},"end":{"line":153,"column":null}}},"17":{"name":"(anonymous_17)","decl":{"start":{"line":154,"column":15},"end":{"line":154,"column":18}},"loc":{"start":{"line":154,"column":22},"end":{"line":154,"column":29}}},"18":{"name":"(anonymous_18)","decl":{"start":{"line":156,"column":4},"end":{"line":156,"column":17}},"loc":{"start":{"line":156,"column":43},"end":{"line":168,"column":null}}},"19":{"name":"(anonymous_19)","decl":{"start":{"line":161,"column":14},"end":{"line":161,"column":17}},"loc":{"start":{"line":161,"column":20},"end":{"line":166,"column":null}}},"20":{"name":"(anonymous_20)","decl":{"start":{"line":167,"column":15},"end":{"line":167,"column":18}},"loc":{"start":{"line":167,"column":22},"end":{"line":167,"column":29}}},"21":{"name":"(anonymous_21)","decl":{"start":{"line":169,"column":4},"end":{"line":169,"column":16}},"loc":{"start":{"line":169,"column":36},"end":{"line":180,"column":null}}},"22":{"name":"(anonymous_22)","decl":{"start":{"line":172,"column":14},"end":{"line":172,"column":19}},"loc":{"start":{"line":172,"column":19},"end":{"line":178,"column":null}}},"23":{"name":"(anonymous_23)","decl":{"start":{"line":179,"column":15},"end":{"line":179,"column":18}},"loc":{"start":{"line":179,"column":22},"end":{"line":179,"column":null}}},"24":{"name":"(anonymous_24)","decl":{"start":{"line":181,"column":4},"end":{"line":181,"column":13}},"loc":{"start":{"line":181,"column":31},"end":{"line":188,"column":null}}},"25":{"name":"(anonymous_25)","decl":{"start":{"line":184,"column":14},"end":{"line":184,"column":19}},"loc":{"start":{"line":184,"column":19},"end":{"line":186,"column":null}}},"26":{"name":"(anonymous_26)","decl":{"start":{"line":187,"column":15},"end":{"line":187,"column":18}},"loc":{"start":{"line":187,"column":22},"end":{"line":187,"column":null}}},"27":{"name":"(anonymous_27)","decl":{"start":{"line":189,"column":4},"end":{"line":189,"column":16}},"loc":{"start":{"line":189,"column":43},"end":{"line":203,"column":null}}},"28":{"name":"(anonymous_28)","decl":{"start":{"line":192,"column":14},"end":{"line":192,"column":19}},"loc":{"start":{"line":192,"column":19},"end":{"line":201,"column":null}}},"29":{"name":"(anonymous_29)","decl":{"start":{"line":202,"column":15},"end":{"line":202,"column":18}},"loc":{"start":{"line":202,"column":22},"end":{"line":202,"column":null}}},"30":{"name":"(anonymous_30)","decl":{"start":{"line":204,"column":4},"end":{"line":204,"column":25}},"loc":{"start":{"line":204,"column":45},"end":{"line":218,"column":null}}},"31":{"name":"(anonymous_31)","decl":{"start":{"line":210,"column":14},"end":{"line":210,"column":17}},"loc":{"start":{"line":210,"column":20},"end":{"line":216,"column":null}}},"32":{"name":"(anonymous_32)","decl":{"start":{"line":217,"column":15},"end":{"line":217,"column":18}},"loc":{"start":{"line":217,"column":22},"end":{"line":217,"column":29}}},"33":{"name":"(anonymous_33)","decl":{"start":{"line":219,"column":4},"end":{"line":219,"column":18}},"loc":{"start":{"line":219,"column":33},"end":{"line":228,"column":null}}},"34":{"name":"(anonymous_34)","decl":{"start":{"line":224,"column":14},"end":{"line":224,"column":17}},"loc":{"start":{"line":224,"column":20},"end":{"line":226,"column":null}}},"35":{"name":"(anonymous_35)","decl":{"start":{"line":227,"column":15},"end":{"line":227,"column":18}},"loc":{"start":{"line":227,"column":22},"end":{"line":227,"column":29}}}},"branchMap":{"0":{"loc":{"start":{"line":9,"column":4},"end":{"line":13,"column":null}},"type":"switch","locations":[{"start":{"line":9,"column":4},"end":{"line":13,"column":null}},{"start":{"line":14,"column":4},"end":{"line":20,"column":null}},{"start":{"line":21,"column":4},"end":{"line":22,"column":null}}]},"1":{"loc":{"start":{"line":93,"column":8},"end":{"line":95,"column":null}},"type":"switch","locations":[{"start":{"line":93,"column":8},"end":{"line":95,"column":null}},{"start":{"line":96,"column":8},"end":{"line":98,"column":null}},{"start":{"line":99,"column":8},"end":{"line":100,"column":null}}]},"2":{"loc":{"start":{"line":105,"column":6},"end":{"line":112,"column":null}},"type":"if","locations":[{"start":{"line":105,"column":6},"end":{"line":112,"column":null}},{"start":{"line":105,"column":6},"end":{"line":112,"column":null}}]},"3":{"loc":{"start":{"line":105,"column":10},"end":{"line":105,"column":14}},"type":"binary-expr","locations":[{"start":{"line":105,"column":10},"end":{"line":105,"column":14}},{"start":{"line":105,"column":18},"end":{"line":105,"column":31}}]},"4":{"loc":{"start":{"line":121,"column":6},"end":{"line":128,"column":null}},"type":"if","locations":[{"start":{"line":121,"column":6},"end":{"line":128,"column":null}},{"start":{"line":121,"column":6},"end":{"line":128,"column":null}}]},"5":{"loc":{"start":{"line":194,"column":14},"end":{"line":194,"column":21}},"type":"cond-expr","locations":[{"start":{"line":194,"column":14},"end":{"line":194,"column":21}},{"start":{"line":195,"column":14},"end":{"line":195,"column":null}}]}},"s":{"0":11,"1":11,"2":7,"3":7,"4":3,"5":3,"6":3,"7":3,"8":2,"9":3,"10":1,"11":7,"12":11,"13":4,"14":4,"15":12,"16":12,"17":1,"18":1,"19":1,"20":1,"21":1,"22":1,"23":1,"24":3,"25":3,"26":3,"27":3,"28":1,"29":1,"30":1,"31":4,"32":1,"33":5,"34":5,"35":2,"36":2,"37":1,"38":1,"39":2,"40":5,"41":5,"42":3,"43":3,"44":5,"45":4,"46":4,"47":2,"48":4,"49":2,"50":2,"51":4,"52":4,"53":3,"54":3,"55":3,"56":3,"57":1,"58":1,"59":1,"60":1,"61":2,"62":2,"63":1,"64":1,"65":3,"66":1,"67":1,"68":1,"69":3,"70":1,"71":1,"72":4,"73":2,"74":2,"75":2,"76":1,"77":4,"78":4,"79":4,"80":4,"81":1,"82":1,"83":1,"84":4,"85":4,"86":1,"87":1,"88":11},"f":{"0":7,"1":3,"2":2,"3":4,"4":12,"5":1,"6":1,"7":3,"8":3,"9":1,"10":4,"11":1,"12":5,"13":4,"14":4,"15":3,"16":1,"17":1,"18":2,"19":1,"20":1,"21":3,"22":1,"23":1,"24":3,"25":1,"26":1,"27":4,"28":2,"29":1,"30":4,"31":1,"32":1,"33":4,"34":1,"35":1},"b":{"0":[3,3,1],"1":[2,1,2],"2":[3,2],"3":[5,5],"4":[2,2],"5":[1,1]}}
,"C:\\Users\\Vitali_Brych\\Desktop\\Vue.js-courses\\vue-ui\\src\\store\\modules\\windowMessage.ts": {"path":"C:\\Users\\Vitali_Brych\\Desktop\\Vue.js-courses\\vue-ui\\src\\store\\modules\\windowMessage.ts","statementMap":{"0":{"start":{"line":3,"column":40},"end":{"line":3,"column":null}},"1":{"start":{"line":15,"column":6},"end":{"line":19,"column":null}},"2":{"start":{"line":16,"column":31},"end":{"line":16,"column":null}},"3":{"start":{"line":17,"column":8},"end":{"line":17,"column":13}},"4":{"start":{"line":18,"column":8},"end":{"line":18,"column":13}},"5":{"start":{"line":20,"column":6},"end":{"line":20,"column":11}},"6":{"start":{"line":23,"column":6},"end":{"line":23,"column":11}},"7":{"start":{"line":26,"column":6},"end":{"line":26,"column":11}},"8":{"start":{"line":29,"column":6},"end":{"line":29,"column":11}},"9":{"start":{"line":30,"column":6},"end":{"line":30,"column":11}},"10":{"start":{"line":35,"column":15},"end":{"line":35,"column":null}}},"fnMap":{"0":{"name":"(anonymous_0)","decl":{"start":{"line":14,"column":4},"end":{"line":14,"column":17}},"loc":{"start":{"line":14,"column":32},"end":{"line":21,"column":null}}},"1":{"name":"(anonymous_1)","decl":{"start":{"line":22,"column":4},"end":{"line":22,"column":18}},"loc":{"start":{"line":22,"column":31},"end":{"line":24,"column":null}}},"2":{"name":"(anonymous_2)","decl":{"start":{"line":25,"column":4},"end":{"line":25,"column":20}},"loc":{"start":{"line":25,"column":33},"end":{"line":27,"column":null}}},"3":{"name":"(anonymous_3)","decl":{"start":{"line":28,"column":4},"end":{"line":28,"column":17}},"loc":{"start":{"line":28,"column":30},"end":{"line":31,"column":null}}}},"branchMap":{"0":{"loc":{"start":{"line":15,"column":6},"end":{"line":19,"column":null}},"type":"if","locations":[{"start":{"line":15,"column":6},"end":{"line":19,"column":null}},{"start":{"line":15,"column":6},"end":{"line":19,"column":null}}]}},"s":{"0":7,"1":6,"2":3,"3":3,"4":3,"5":6,"6":2,"7":2,"8":4,"9":4,"10":7},"f":{"0":6,"1":2,"2":2,"3":4},"b":{"0":[3,3]}}
}
