TN:
SF:C:\Users\Vitali_Brych\Desktop\Vue.js-courses\vue-ui\src\components\shared\buttons\buttons.component.vue
FN:6,(anonymous_1)
FNF:1
FNH:1
FNDA:1,(anonymous_1)
DA:1,1
DA:2,1
DA:3,1
DA:4,1
DA:5,1
DA:7,1
DA:8,1
DA:11,1
LF:8
LH:8
BRF:0
BRH:0
end_of_record
TN:
SF:C:\Users\Vitali_Brych\Desktop\Vue.js-courses\vue-ui\src\store\modules\loader.ts
FN:17,(anonymous_0)
FNF:1
FNH:1
FNDA:1,(anonymous_0)
DA:9,1
DA:18,1
DA:23,1
LF:3
LH:3
BRF:0
BRH:0
end_of_record
TN:
SF:C:\Users\Vitali_Brych\Desktop\Vue.js-courses\vue-ui\src\store\modules\movie.ts
FN:5,(anonymous_0)
FN:11,(anonymous_1)
FN:16,(anonymous_2)
FN:44,(anonymous_3)
FN:48,(anonymous_4)
FN:52,(anonymous_5)
FN:65,(anonymous_6)
FN:70,(anonymous_7)
FN:74,(anonymous_8)
FN:78,(anonymous_9)
FN:83,(anonymous_10)
FN:86,(anonymous_11)
FN:89,(anonymous_12)
FN:116,(anonymous_13)
FN:124,(anonymous_14)
FN:139,(anonymous_15)
FN:146,(anonymous_16)
FN:154,(anonymous_17)
FN:156,(anonymous_18)
FN:161,(anonymous_19)
FN:167,(anonymous_20)
FN:169,(anonymous_21)
FN:172,(anonymous_22)
FN:179,(anonymous_23)
FN:181,(anonymous_24)
FN:184,(anonymous_25)
FN:187,(anonymous_26)
FN:189,(anonymous_27)
FN:192,(anonymous_28)
FN:202,(anonymous_29)
FN:204,(anonymous_30)
FN:210,(anonymous_31)
FN:217,(anonymous_32)
FN:219,(anonymous_33)
FN:224,(anonymous_34)
FN:227,(anonymous_35)
FNF:36
FNH:36
FNDA:5,(anonymous_0)
FNDA:3,(anonymous_1)
FNDA:1,(anonymous_2)
FNDA:1,(anonymous_3)
FNDA:6,(anonymous_4)
FNDA:1,(anonymous_5)
FNDA:1,(anonymous_6)
FNDA:1,(anonymous_7)
FNDA:3,(anonymous_8)
FNDA:1,(anonymous_9)
FNDA:1,(anonymous_10)
FNDA:1,(anonymous_11)
FNDA:5,(anonymous_12)
FNDA:2,(anonymous_13)
FNDA:2,(anonymous_14)
FNDA:2,(anonymous_15)
FNDA:1,(anonymous_16)
FNDA:1,(anonymous_17)
FNDA:2,(anonymous_18)
FNDA:1,(anonymous_19)
FNDA:1,(anonymous_20)
FNDA:2,(anonymous_21)
FNDA:1,(anonymous_22)
FNDA:1,(anonymous_23)
FNDA:2,(anonymous_24)
FNDA:1,(anonymous_25)
FNDA:1,(anonymous_26)
FNDA:3,(anonymous_27)
FNDA:2,(anonymous_28)
FNDA:1,(anonymous_29)
FNDA:2,(anonymous_30)
FNDA:1,(anonymous_31)
FNDA:1,(anonymous_32)
FNDA:2,(anonymous_33)
FNDA:1,(anonymous_34)
FNDA:1,(anonymous_35)
DA:1,2
DA:5,2
DA:6,5
DA:8,5
DA:10,3
DA:11,3
DA:13,3
DA:15,1
DA:17,1
DA:20,1
DA:22,1
DA:25,5
DA:28,2
DA:45,1
DA:46,1
DA:49,6
DA:50,6
DA:53,1
DA:57,1
DA:58,1
DA:62,1
DA:66,1
DA:67,1
DA:68,1
DA:71,1
DA:72,1
DA:75,3
DA:76,3
DA:79,1
DA:80,1
DA:81,1
DA:84,1
DA:87,1
DA:90,5
DA:92,5
DA:94,2
DA:95,2
DA:97,1
DA:98,1
DA:100,2
DA:103,5
DA:105,5
DA:106,3
DA:108,3
DA:114,5
DA:119,2
DA:121,2
DA:122,1
DA:124,2
DA:125,1
DA:127,1
DA:130,2
DA:134,2
DA:140,2
DA:141,2
DA:142,2
DA:144,2
DA:147,1
DA:151,1
DA:152,1
DA:154,1
DA:157,2
DA:159,2
DA:162,1
DA:167,1
DA:170,2
DA:173,1
DA:177,1
DA:179,1
DA:182,2
DA:185,1
DA:187,1
DA:190,3
DA:193,2
DA:196,2
DA:200,2
DA:202,1
DA:205,2
DA:206,2
DA:207,2
DA:208,2
DA:211,1
DA:215,1
DA:217,1
DA:220,2
DA:222,2
DA:225,1
DA:227,1
DA:232,2
LF:89
LH:89
BRDA:9,0,0,3
BRDA:9,0,1,1
BRDA:9,0,2,1
BRDA:93,1,0,2
BRDA:93,1,1,1
BRDA:93,1,2,2
BRDA:105,2,0,3
BRDA:105,2,1,2
BRDA:105,3,0,5
BRDA:105,3,1,5
BRDA:121,4,0,1
BRDA:121,4,1,1
BRDA:194,5,0,1
BRDA:194,5,1,1
BRF:14
BRH:14
end_of_record
TN:
SF:C:\Users\Vitali_Brych\Desktop\Vue.js-courses\vue-ui\src\store\modules\window.ts
FN:14,(anonymous_0)
FN:22,(anonymous_1)
FN:25,(anonymous_2)
FN:28,(anonymous_3)
FNF:4
FNH:4
FNDA:2,(anonymous_0)
FNDA:1,(anonymous_1)
FNDA:1,(anonymous_2)
FNDA:1,(anonymous_3)
DA:3,1
DA:15,2
DA:16,1
DA:17,1
DA:18,1
DA:20,2
DA:23,1
DA:26,1
DA:29,1
DA:30,1
DA:35,1
LF:11
LH:11
BRDA:15,0,0,1
BRDA:15,0,1,1
BRF:2
BRH:2
end_of_record
