TN:
SF:C:\Users\Vitali_Brych\Desktop\Vue.js-courses\vue-ui\src\components\filters\filters.ts
FN:1,getYear
FNF:1
FNH:1
FNDA:17,getYear
DA:2,17
DA:3,1
LF:2
LH:2
BRDA:2,0,0,16
BRDA:2,0,1,1
BRF:2
BRH:2
end_of_record
TN:
SF:C:\Users\Vitali_Brych\Desktop\Vue.js-courses\vue-ui\src\components\interfaces\select-options.ts
FNF:0
FNH:0
DA:1,4
DA:20,4
LF:2
LH:2
BRF:0
BRH:0
end_of_record
TN:
SF:C:\Users\Vitali_Brych\Desktop\Vue.js-courses\vue-ui\src\components\main\add-window\add-window.component.vue
FNF:0
FNH:0
DA:1,2
DA:2,2
DA:3,2
DA:4,2
DA:5,2
DA:6,2
DA:8,2
LF:7
LH:7
BRF:0
BRH:0
end_of_record
TN:
SF:C:\Users\Vitali_Brych\Desktop\Vue.js-courses\vue-ui\src\components\main\card\card.component.vue
FN:9,(anonymous_1)
FN:13,(anonymous_2)
FN:20,(anonymous_3)
FN:23,(anonymous_4)
FN:26,(anonymous_5)
FN:32,(anonymous_6)
FNF:6
FNH:6
FNDA:12,(anonymous_1)
FNDA:2,(anonymous_2)
FNDA:1,(anonymous_3)
FNDA:1,(anonymous_4)
FNDA:2,(anonymous_5)
FNDA:1,(anonymous_6)
DA:1,2
DA:2,2
DA:3,2
DA:4,2
DA:5,2
DA:6,2
DA:7,2
DA:8,2
DA:10,12
DA:11,12
DA:14,2
DA:15,2
DA:21,1
DA:24,1
DA:27,2
DA:28,2
DA:29,1
DA:33,1
DA:34,1
DA:35,1
DA:38,2
DA:41,2
LF:22
LH:22
BRDA:27,0,0,3
BRDA:27,0,1,2
BRDA:28,1,0,1
BRDA:28,1,1,1
BRF:4
BRH:4
end_of_record
TN:
SF:C:\Users\Vitali_Brych\Desktop\Vue.js-courses\vue-ui\src\components\main\delete-window\delete-window.component.vue
FN:6,(anonymous_1)
FN:8,(anonymous_2)
FN:14,(anonymous_3)
FNF:3
FNH:3
FNDA:2,(anonymous_1)
FNDA:2,(anonymous_2)
FNDA:1,(anonymous_3)
DA:1,2
DA:2,2
DA:3,2
DA:4,2
DA:5,2
DA:6,2
DA:7,2
DA:8,2
DA:11,2
DA:13,2
DA:15,1
DA:16,1
DA:17,1
DA:24,2
LF:14
LH:14
BRF:0
BRH:0
end_of_record
TN:
SF:C:\Users\Vitali_Brych\Desktop\Vue.js-courses\vue-ui\src\components\main\edit-window\edit-window.component.vue
FNF:0
FNH:0
DA:1,1
DA:2,1
DA:3,1
DA:4,1
DA:5,1
DA:6,1
DA:8,1
LF:7
LH:7
BRF:0
BRH:0
end_of_record
TN:
SF:C:\Users\Vitali_Brych\Desktop\Vue.js-courses\vue-ui\src\components\main\header\header.component.vue
FN:10,(anonymous_1)
FNF:1
FNH:1
FNDA:2,(anonymous_1)
DA:1,1
DA:2,1
DA:3,1
DA:4,1
DA:5,1
DA:6,1
DA:7,1
DA:8,1
DA:9,1
DA:11,2
DA:12,2
DA:13,1
DA:15,2
DA:18,1
DA:21,1
LF:15
LH:15
BRDA:11,0,0,3
BRDA:11,0,1,2
BRDA:12,1,0,1
BRDA:12,1,1,1
BRF:4
BRH:4
end_of_record
TN:
SF:C:\Users\Vitali_Brych\Desktop\Vue.js-courses\vue-ui\src\components\shared\buttons\buttons.component.vue
FN:6,(anonymous_1)
FNF:1
FNH:1
FNDA:1,(anonymous_1)
DA:1,2
DA:2,2
DA:3,2
DA:4,2
DA:5,2
DA:7,1
DA:8,1
DA:11,2
LF:8
LH:8
BRF:0
BRH:0
end_of_record
TN:
SF:C:\Users\Vitali_Brych\Desktop\Vue.js-courses\vue-ui\src\components\shared\custom-nav\custom-nav.component.vue
FN:6,(anonymous_1)
FNF:1
FNH:1
FNDA:2,(anonymous_1)
DA:1,2
DA:2,2
DA:3,2
DA:4,2
DA:5,2
DA:7,2
DA:8,2
DA:9,1
DA:13,2
LF:9
LH:9
BRDA:8,0,0,1
BRDA:8,0,1,1
BRF:2
BRH:2
end_of_record
TN:
SF:C:\Users\Vitali_Brych\Desktop\Vue.js-courses\vue-ui\src\components\shared\custom-toast\custom-toast.component.vue
FN:6,(anonymous_1)
FN:9,(anonymous_2)
FNF:2
FNH:2
FNDA:14,(anonymous_1)
FNDA:2,(anonymous_2)
DA:1,3
DA:2,3
DA:3,3
DA:4,3
DA:5,3
DA:7,14
DA:10,2
DA:11,2
DA:12,1
DA:13,1
DA:20,3
DA:23,3
LF:12
LH:12
BRDA:11,0,0,1
BRDA:11,0,1,1
BRF:2
BRH:2
end_of_record
TN:
SF:C:\Users\Vitali_Brych\Desktop\Vue.js-courses\vue-ui\src\components\shared\film-details\film-details.component.vue
FN:9,(anonymous_1)
FN:12,(anonymous_2)
FN:15,(anonymous_3)
FNF:3
FNH:3
FNDA:1,(anonymous_1)
FNDA:1,(anonymous_2)
FNDA:2,(anonymous_3)
DA:1,1
DA:2,1
DA:3,1
DA:4,1
DA:5,1
DA:6,1
DA:7,1
DA:8,1
DA:10,1
DA:13,1
DA:16,2
DA:17,2
DA:20,1
DA:23,1
LF:14
LH:14
BRF:0
BRH:0
end_of_record
TN:
SF:C:\Users\Vitali_Brych\Desktop\Vue.js-courses\vue-ui\src\components\shared\film-duration\film-duration.component.vue
FNF:0
FNH:0
DA:1,1
DA:2,1
DA:3,1
DA:4,1
DA:5,1
DA:6,1
DA:8,1
LF:7
LH:7
BRF:0
BRH:0
end_of_record
TN:
SF:C:\Users\Vitali_Brych\Desktop\Vue.js-courses\vue-ui\src\components\shared\film-rating\film-rating.component.vue
FNF:0
FNH:0
DA:1,1
DA:2,1
DA:3,1
DA:4,1
DA:5,1
DA:7,1
LF:6
LH:6
BRF:0
BRH:0
end_of_record
TN:
SF:C:\Users\Vitali_Brych\Desktop\Vue.js-courses\vue-ui\src\components\shared\form\form.component.vue
FN:8,(anonymous_1)
FN:10,(anonymous_2)
FN:22,(anonymous_3)
FN:25,(anonymous_4)
FN:36,(anonymous_5)
FN:42,(anonymous_6)
FN:54,(anonymous_7)
FN:58,(anonymous_8)
FN:85,(anonymous_9)
FN:89,(anonymous_10)
FNF:10
FNH:9
FNDA:2,(anonymous_1)
FNDA:2,(anonymous_2)
FNDA:7,(anonymous_3)
FNDA:7,(anonymous_4)
FNDA:3,(anonymous_5)
FNDA:1,(anonymous_6)
FNDA:3,(anonymous_7)
FNDA:3,(anonymous_8)
FNDA:33,(anonymous_9)
FNDA:0,(anonymous_10)
DA:1,4
DA:2,4
DA:3,4
DA:4,4
DA:5,4
DA:6,4
DA:7,4
DA:8,4
DA:9,2
DA:10,2
DA:11,2
DA:12,1
DA:13,12
DA:14,11
DA:19,2
DA:21,4
DA:23,7
DA:26,7
DA:27,7
DA:36,3
DA:43,1
DA:44,1
DA:52,1
DA:55,3
DA:56,3
DA:58,3
DA:64,3
DA:65,1
DA:66,2
DA:68,1
DA:69,1
DA:70,1
DA:71,1
DA:72,1
DA:86,33
DA:90,0
DA:93,4
DA:96,4
DA:99,4
DA:102,4
LF:40
LH:39
BRDA:11,0,0,1
BRDA:11,0,1,1
BRDA:13,1,0,11
BRDA:13,1,1,1
BRDA:23,2,0,7
BRDA:23,2,1,0
BRDA:29,3,0,11
BRDA:29,3,1,8
BRDA:30,4,0,11
BRDA:30,4,1,8
BRDA:31,5,0,11
BRDA:31,5,1,8
BRDA:32,6,0,11
BRDA:32,6,1,8
BRDA:33,7,0,11
BRDA:33,7,1,8
BRDA:34,8,0,11
BRDA:34,8,1,8
BRDA:36,9,0,18
BRDA:36,9,1,12
BRDA:45,10,0,2
BRDA:45,10,1,1
BRDA:64,11,0,1
BRDA:64,11,1,2
BRDA:66,12,0,1
BRDA:66,12,1,1
BRDA:68,13,0,1
BRDA:68,13,1,2
BRDA:69,14,0,1
BRDA:69,14,1,2
BRDA:86,15,0,75
BRDA:86,15,1,66
BRF:32
BRH:31
end_of_record
TN:
SF:C:\Users\Vitali_Brych\Desktop\Vue.js-courses\vue-ui\src\components\shared\header-nav\header-nav.component.vue
FNF:0
FNH:0
DA:1,1
DA:2,1
DA:3,1
DA:4,1
DA:5,1
DA:6,1
DA:7,1
DA:8,1
DA:10,1
DA:13,1
DA:16,1
DA:19,1
LF:12
LH:12
BRF:0
BRH:0
end_of_record
TN:
SF:C:\Users\Vitali_Brych\Desktop\Vue.js-courses\vue-ui\src\components\shared\name-window\name-window.component.vue
FN:6,(anonymous_1)
FNF:1
FNH:1
FNDA:4,(anonymous_1)
DA:1,5
DA:2,5
DA:3,5
DA:4,5
DA:5,5
DA:7,4
DA:9,1
DA:10,1
DA:12,1
DA:13,1
DA:15,1
DA:16,1
DA:18,1
DA:22,5
DA:25,5
LF:15
LH:15
BRDA:8,0,0,1
BRDA:8,0,1,1
BRDA:8,0,2,1
BRDA:8,0,3,1
BRF:4
BRH:4
end_of_record
TN:
SF:C:\Users\Vitali_Brych\Desktop\Vue.js-courses\vue-ui\src\components\shared\not-found\not-found.component.vue
FNF:0
FNH:0
DA:1,1
DA:2,1
DA:3,1
DA:4,1
DA:6,1
LF:5
LH:5
BRF:0
BRH:0
end_of_record
TN:
SF:C:\Users\Vitali_Brych\Desktop\Vue.js-courses\vue-ui\src\components\shared\observer\observer.component.vue
FN:5,(anonymous_1)
FN:10,(anonymous_2)
FN:11,(anonymous_3)
FN:19,(anonymous_4)
FNF:4
FNH:3
FNDA:6,(anonymous_1)
FNDA:6,(anonymous_2)
FNDA:0,(anonymous_3)
FNDA:1,(anonymous_4)
DA:1,2
DA:2,2
DA:3,2
DA:4,2
DA:6,6
DA:11,6
DA:12,0
DA:13,0
DA:16,6
DA:17,6
DA:20,1
DA:23,2
LF:12
LH:10
BRDA:12,0,0,0
BRDA:12,0,1,0
BRDA:12,1,0,0
BRDA:12,1,1,0
BRF:4
BRH:0
end_of_record
TN:
SF:C:\Users\Vitali_Brych\Desktop\Vue.js-courses\vue-ui\src\components\shared\search\search.component.vue
FN:6,(anonymous_1)
FN:10,(anonymous_2)
FN:17,(anonymous_3)
FN:20,(anonymous_4)
FNF:4
FNH:4
FNDA:3,(anonymous_1)
FNDA:3,(anonymous_2)
FNDA:4,(anonymous_3)
FNDA:1,(anonymous_4)
DA:1,2
DA:2,2
DA:3,2
DA:4,2
DA:5,2
DA:7,3
DA:8,3
DA:11,3
DA:18,4
DA:21,1
DA:22,1
DA:29,2
LF:12
LH:12
BRF:0
BRH:0
end_of_record
TN:
SF:C:\Users\Vitali_Brych\Desktop\Vue.js-courses\vue-ui\src\components\shared\search-results\search-results.component.vue
FN:11,(anonymous_1)
FN:21,(anonymous_2)
FNF:2
FNH:2
FNDA:2,(anonymous_1)
FNDA:4,(anonymous_2)
DA:1,1
DA:2,1
DA:3,1
DA:4,1
DA:5,1
DA:6,1
DA:7,1
DA:8,1
DA:9,1
DA:10,1
DA:12,2
DA:16,1
DA:17,1
DA:18,1
DA:22,4
DA:23,4
DA:24,1
DA:26,4
DA:27,1
DA:34,1
LF:20
LH:20
BRDA:12,0,0,1
BRDA:12,0,1,1
BRDA:12,1,0,2
BRDA:12,1,1,1
BRDA:12,1,2,1
BRDA:12,1,3,1
BRDA:23,2,0,1
BRDA:23,2,1,3
BRDA:23,3,0,4
BRDA:23,3,1,2
BRDA:26,4,0,1
BRDA:26,4,1,3
BRDA:26,5,0,4
BRDA:26,5,1,2
BRDA:26,5,2,1
BRF:15
BRH:15
end_of_record
TN:
SF:C:\Users\Vitali_Brych\Desktop\Vue.js-courses\vue-ui\src\store\modules\loader.ts
FN:11,(anonymous_0)
FNF:1
FNH:1
FNDA:1,(anonymous_0)
DA:3,1
DA:12,1
DA:17,1
LF:3
LH:3
BRF:0
BRH:0
end_of_record
TN:
SF:C:\Users\Vitali_Brych\Desktop\Vue.js-courses\vue-ui\src\store\modules\movie.ts
FN:5,(anonymous_0)
FN:11,(anonymous_1)
FN:16,(anonymous_2)
FN:44,(anonymous_3)
FN:48,(anonymous_4)
FN:52,(anonymous_5)
FN:65,(anonymous_6)
FN:70,(anonymous_7)
FN:74,(anonymous_8)
FN:78,(anonymous_9)
FN:83,(anonymous_10)
FN:86,(anonymous_11)
FN:89,(anonymous_12)
FN:116,(anonymous_13)
FN:124,(anonymous_14)
FN:139,(anonymous_15)
FN:146,(anonymous_16)
FN:154,(anonymous_17)
FN:156,(anonymous_18)
FN:161,(anonymous_19)
FN:167,(anonymous_20)
FN:169,(anonymous_21)
FN:172,(anonymous_22)
FN:179,(anonymous_23)
FN:181,(anonymous_24)
FN:184,(anonymous_25)
FN:187,(anonymous_26)
FN:189,(anonymous_27)
FN:192,(anonymous_28)
FN:202,(anonymous_29)
FN:204,(anonymous_30)
FN:210,(anonymous_31)
FN:217,(anonymous_32)
FN:219,(anonymous_33)
FN:224,(anonymous_34)
FN:227,(anonymous_35)
FNF:36
FNH:36
FNDA:7,(anonymous_0)
FNDA:3,(anonymous_1)
FNDA:2,(anonymous_2)
FNDA:4,(anonymous_3)
FNDA:12,(anonymous_4)
FNDA:1,(anonymous_5)
FNDA:1,(anonymous_6)
FNDA:3,(anonymous_7)
FNDA:3,(anonymous_8)
FNDA:1,(anonymous_9)
FNDA:4,(anonymous_10)
FNDA:1,(anonymous_11)
FNDA:5,(anonymous_12)
FNDA:4,(anonymous_13)
FNDA:4,(anonymous_14)
FNDA:3,(anonymous_15)
FNDA:1,(anonymous_16)
FNDA:1,(anonymous_17)
FNDA:2,(anonymous_18)
FNDA:1,(anonymous_19)
FNDA:1,(anonymous_20)
FNDA:3,(anonymous_21)
FNDA:1,(anonymous_22)
FNDA:1,(anonymous_23)
FNDA:3,(anonymous_24)
FNDA:1,(anonymous_25)
FNDA:1,(anonymous_26)
FNDA:4,(anonymous_27)
FNDA:2,(anonymous_28)
FNDA:1,(anonymous_29)
FNDA:4,(anonymous_30)
FNDA:1,(anonymous_31)
FNDA:1,(anonymous_32)
FNDA:4,(anonymous_33)
FNDA:1,(anonymous_34)
FNDA:1,(anonymous_35)
DA:1,11
DA:5,11
DA:6,7
DA:8,7
DA:10,3
DA:11,3
DA:13,3
DA:15,3
DA:17,2
DA:20,3
DA:22,1
DA:25,7
DA:28,11
DA:45,4
DA:46,4
DA:49,12
DA:50,12
DA:53,1
DA:57,1
DA:58,1
DA:62,1
DA:66,1
DA:67,1
DA:68,1
DA:71,3
DA:72,3
DA:75,3
DA:76,3
DA:79,1
DA:80,1
DA:81,1
DA:84,4
DA:87,1
DA:90,5
DA:92,5
DA:94,2
DA:95,2
DA:97,1
DA:98,1
DA:100,2
DA:103,5
DA:105,5
DA:106,3
DA:108,3
DA:114,5
DA:119,4
DA:121,4
DA:122,2
DA:124,4
DA:125,2
DA:127,2
DA:130,4
DA:134,4
DA:140,3
DA:141,3
DA:142,3
DA:144,3
DA:147,1
DA:151,1
DA:152,1
DA:154,1
DA:157,2
DA:159,2
DA:162,1
DA:167,1
DA:170,3
DA:173,1
DA:177,1
DA:179,1
DA:182,3
DA:185,1
DA:187,1
DA:190,4
DA:193,2
DA:196,2
DA:200,2
DA:202,1
DA:205,4
DA:206,4
DA:207,4
DA:208,4
DA:211,1
DA:215,1
DA:217,1
DA:220,4
DA:222,4
DA:225,1
DA:227,1
DA:232,11
LF:89
LH:89
BRDA:9,0,0,3
BRDA:9,0,1,3
BRDA:9,0,2,1
BRDA:93,1,0,2
BRDA:93,1,1,1
BRDA:93,1,2,2
BRDA:105,2,0,3
BRDA:105,2,1,2
BRDA:105,3,0,5
BRDA:105,3,1,5
BRDA:121,4,0,2
BRDA:121,4,1,2
BRDA:194,5,0,1
BRDA:194,5,1,1
BRF:14
BRH:14
end_of_record
TN:
SF:C:\Users\Vitali_Brych\Desktop\Vue.js-courses\vue-ui\src\store\modules\windowMessage.ts
FN:14,(anonymous_0)
FN:22,(anonymous_1)
FN:25,(anonymous_2)
FN:28,(anonymous_3)
FNF:4
FNH:4
FNDA:6,(anonymous_0)
FNDA:2,(anonymous_1)
FNDA:2,(anonymous_2)
FNDA:4,(anonymous_3)
DA:3,7
DA:15,6
DA:16,3
DA:17,3
DA:18,3
DA:20,6
DA:23,2
DA:26,2
DA:29,4
DA:30,4
DA:35,7
LF:11
LH:11
BRDA:15,0,0,3
BRDA:15,0,1,3
BRF:2
BRH:2
end_of_record
